<?xml version="1.0" encoding="UTF-8"?><testsuite errors="0" failures="0" name="ElefantTestWebSite.features.search.functionTourTests.LoginFunctionTourTests" skipped="0" tests="7" time="67.32" timestamp="2019-04-24T00:28:01.521959+03:00[Europe/Athens]"><testcase classname="ElefantTestWebSite.features.search.functionTourTests.LoginFunctionTourTests" name="Login with email with length1"/><testcase classname="ElefantTestWebSite.features.search.functionTourTests.LoginFunctionTourTests" name="Login with invalid email"/><testcase classname="ElefantTestWebSite.features.search.functionTourTests.LoginFunctionTourTests" name="Login with password with length1"/><testcase classname="ElefantTestWebSite.features.search.functionTourTests.LoginFunctionTourTests" name="Login with invalid account"/><testcase classname="ElefantTestWebSite.features.search.functionTourTests.LoginFunctionTourTests" name="Login with valid account"/><testcase classname="ElefantTestWebSite.features.search.functionTourTests.LoginFunctionTourTests" name="Login with empty email"/><testcase classname="ElefantTestWebSite.features.search.functionTourTests.LoginFunctionTourTests" name="Login with empty password"/></testsuite>