<?xml version="1.0" encoding="UTF-8"?><testsuite errors="0" failures="0" name="ElefantTestWebSite.features.search.quickTests.LoginQuickTests" skipped="0" tests="3" time="31.91" timestamp="2019-04-11T11:05:36.405213200+03:00[Europe/Athens]"><testcase classname="ElefantTestWebSite.features.search.quickTests.LoginQuickTests" name="Searching by invalid email"/><testcase classname="ElefantTestWebSite.features.search.quickTests.LoginQuickTests" name="Searching by invalid account"/><testcase classname="ElefantTestWebSite.features.search.quickTests.LoginQuickTests" name="Searching by empty string"/></testsuite>