<?xml version="1.0" encoding="UTF-8"?><testsuite errors="0" failures="0" name="ElefantTestWebSite.features.search.quickTests.CartQuickTests" skipped="0" tests="3" time="48.24" timestamp="2019-04-11T10:50:24.857485200+03:00[Europe/Athens]"><testcase classname="ElefantTestWebSite.features.search.quickTests.CartQuickTests" name="Click empty cart"/><testcase classname="ElefantTestWebSite.features.search.quickTests.CartQuickTests" name="Add item to cart and imediatelly open cart"/><testcase classname="ElefantTestWebSite.features.search.quickTests.CartQuickTests" name="Add item to cart"/></testsuite>